d:\documents\csit\2ndsem\oop\projects\hotelmanagementsystem\hotelmanagementsystem\x64\debug\vc143.pdb
d:\documents\csit\2ndsem\oop\projects\hotelmanagementsystem\hotelmanagementsystem\x64\debug\.netframework,version=v4.7.2.assemblyattributes.obj
d:\documents\csit\2ndsem\oop\projects\hotelmanagementsystem\hotelmanagementsystem\x64\debug\mainform.obj
d:\documents\csit\2ndsem\oop\projects\hotelmanagementsystem\hotelmanagementsystem\x64\debug\loginform.obj
d:\documents\csit\2ndsem\oop\projects\hotelmanagementsystem\hotelmanagementsystem\x64\debug\registerform.obj
d:\documents\csit\2ndsem\oop\projects\hotelmanagementsystem\hotelmanagementsystem\x64\debug\program.obj
d:\documents\csit\2ndsem\oop\projects\hotelmanagementsystem\hotelmanagementsystem\x64\debug\checkout.obj
d:\documents\csit\2ndsem\oop\projects\hotelmanagementsystem\hotelmanagementsystem\x64\debug\hotelmanagementsystem.loginform.resources
d:\documents\csit\2ndsem\oop\projects\hotelmanagementsystem\hotelmanagementsystem\x64\debug\hotelmanagementsystem.mainform.resources
d:\documents\csit\2ndsem\oop\projects\hotelmanagementsystem\hotelmanagementsystem\x64\debug\hotelmanagementsystem.registrationform.resources
d:\documents\csit\2ndsem\oop\projects\hotelmanagementsystem\hotelmanagementsystem\x64\debug\hotelmanagementsystem.registerform.resources
d:\documents\csit\2ndsem\oop\projects\hotelmanagementsystem\hotelmanagementsystem\x64\debug\hotelmanagementsystem.checkout.resources
d:\documents\csit\2ndsem\oop\projects\hotelmanagementsystem\x64\debug\hotelmanagementsystem.exe
d:\documents\csit\2ndsem\oop\projects\hotelmanagementsystem\x64\debug\hotelmanagementsystem.pdb
d:\documents\csit\2ndsem\oop\projects\hotelmanagementsystem\hotelmanagementsystem\x64\debug\registrationform.obj
d:\documents\csit\2ndsem\oop\projects\hotelmanagementsystem\hotelmanagementsystem\x64\debug\status.obj
d:\documents\csit\2ndsem\oop\projects\hotelmanagementsystem\hotelmanagementsystem\x64\debug\hotelmanagementsystem.status.resources
d:\documents\csit\2ndsem\oop\projects\hotelmanagementsystem\hotelmanagementsystem\x64\debug\hotelman.aece9bb3.tlog\cl.command.1.tlog
d:\documents\csit\2ndsem\oop\projects\hotelmanagementsystem\hotelmanagementsystem\x64\debug\hotelman.aece9bb3.tlog\cl.read.1.tlog
d:\documents\csit\2ndsem\oop\projects\hotelmanagementsystem\hotelmanagementsystem\x64\debug\hotelman.aece9bb3.tlog\cl.write.1.tlog
d:\documents\csit\2ndsem\oop\projects\hotelmanagementsystem\hotelmanagementsystem\x64\debug\hotelman.aece9bb3.tlog\hotelmanagementsystem.write.1u.tlog
d:\documents\csit\2ndsem\oop\projects\hotelmanagementsystem\hotelmanagementsystem\x64\debug\hotelman.aece9bb3.tlog\link.command.1.tlog
d:\documents\csit\2ndsem\oop\projects\hotelmanagementsystem\hotelmanagementsystem\x64\debug\hotelman.aece9bb3.tlog\link.read.1.tlog
d:\documents\csit\2ndsem\oop\projects\hotelmanagementsystem\hotelmanagementsystem\x64\debug\hotelman.aece9bb3.tlog\link.write.1.tlog
d:\documents\csit\2ndsem\oop\projects\hotelmanagementsystem\hotelmanagementsystem\x64\debug\hotelman.aece9bb3.tlog\metagen.read.1.tlog
d:\documents\csit\2ndsem\oop\projects\hotelmanagementsystem\hotelmanagementsystem\x64\debug\hotelman.aece9bb3.tlog\metagen.write.1.tlog
